Initialized ARTable for distribution 0.0-1.0-4.0-0.0LinearDistr

Support of distribution (beginning root interval): (0.0,1.0)

Distribution max: 3.9999974

Distribution min: 0.0

New entry created with root interval and found max value...

Subdividing Entry with axisInterval (0.0,1.0) and box height 3.9999974


Entry failed first stopping test.

(Trap-to-box ratio: 0.5. Width: 1.0)

vs (0.75, 1.0E-6)

Entry's 0th part exhibits max value 1.3333324

Therefore I will recursively act on all three parts.

Entry's 1th part exhibits max value 2.6666656

Therefore I will recursively act on all three parts.

Entry's 2th part exhibits max value 3.9999986

Therefore I will recursively act on all three parts.

Subdividing Entry with axisInterval (0.33333334,0.6666666) and box height 2.6666656


Trap-to-box ratio: 0.7500001 > 0.75

Therefore, I will stop subdividing and return this Entry

Finished recursing on middle part of Entry with axisInterval (0.0,1.0) and box height 3.9999974


Subdividing Entry with axisInterval (0.0,0.33333334) and box height 1.3333324


Entry failed first stopping test.

(Trap-to-box ratio: 0.5. Width: 0.33333334)

vs (0.75, 1.0E-6)

Entry's 0th part exhibits max value 0.4444448

Therefore I will recursively act on all three parts.

Entry's 1th part exhibits max value 0.88888687

Therefore I will recursively act on all three parts.

Entry's 2th part exhibits max value 1.3333354

Therefore I will recursively act on all three parts.

Subdividing Entry with axisInterval (0.11111111,0.22222224) and box height 0.88888687


Trap-to-box ratio: 0.7500006 > 0.75

Therefore, I will stop subdividing and return this Entry

Finished recursing on middle part of Entry with axisInterval (0.0,0.33333334) and box height 1.3333324


Subdividing Entry with axisInterval (0.0,0.11111111) and box height 0.4444448


Entry failed first stopping test.

(Trap-to-box ratio: 0.5. Width: 0.11111111)

vs (0.75, 1.0E-6)

Entry's 0th part exhibits max value 0.14814821

Therefore I will recursively act on all three parts.

Entry's 1th part exhibits max value 0.2962965

Therefore I will recursively act on all three parts.

Entry's 2th part exhibits max value 0.44444364

Therefore I will recursively act on all three parts.

Subdividing Entry with axisInterval (0.037037037,0.074074075) and box height 0.2962965


Entry failed first stopping test.

(Trap-to-box ratio: 0.7499998. Width: 0.037037037)

vs (0.75, 1.0E-6)

Entry's 0th part exhibits max value 0.1975306

Therefore I will recursively act on all three parts.

Entry's 1th part exhibits max value 0.24691331

Therefore I will recursively act on all three parts.

Entry's 2th part exhibits max value 0.29629603

Therefore I will recursively act on all three parts.

Subdividing Entry with axisInterval (0.049382716,0.061728396) and box height 0.24691331


Trap-to-box ratio: 0.90000045 > 0.75

Therefore, I will stop subdividing and return this Entry

Finished recursing on middle part of Entry with axisInterval (0.037037037,0.074074075) and box height 0.2962965


Subdividing Entry with axisInterval (0.037037037,0.049382716) and box height 0.1975306


Trap-to-box ratio: 0.8750005 > 0.75

Therefore, I will stop subdividing and return this Entry

Prepending tree under Entry with axisInterval (0.037037037,0.049382716) and box height 0.1975306
 to tree under Entry with axisInterval (0.049382716,0.061728396) and box height 0.24691331
.

Successful.

Finished recursing on left part of Entry with axisInterval (0.037037037,0.074074075) and box height 0.2962965


Subdividing Entry with axisInterval (0.061728396,0.074074075) and box height 0.29629603


Trap-to-box ratio: 0.91666704 > 0.75

Therefore, I will stop subdividing and return this Entry

Postpending tree under Entry with axisInterval (0.061728396,0.074074075) and box height 0.29629603
 to tree under Entry with axisInterval (0.049382716,0.061728396) and box height 0.24691331
.

Successful.

Finished recursing on right part of Entry with axisInterval (0.037037037,0.074074075) and box height 0.2962965


Finished recursing on middle part of Entry with axisInterval (0.0,0.11111111) and box height 0.4444448


Subdividing Entry with axisInterval (0.0,0.037037037) and box height 0.14814821


Entry failed first stopping test.

(Trap-to-box ratio: 0.5. Width: 0.037037037)

vs (0.75, 1.0E-6)

Entry's 0th part exhibits max value 0.04938273

Therefore I will recursively act on all three parts.

Entry's 1th part exhibits max value 0.09876526

Therefore I will recursively act on all three parts.

Entry's 2th part exhibits max value 0.14814788

Therefore I will recursively act on all three parts.

Subdividing Entry with axisInterval (0.012345679,0.024691358) and box height 0.09876526


Trap-to-box ratio: 0.7500005 > 0.75

Therefore, I will stop subdividing and return this Entry

Finished recursing on middle part of Entry with axisInterval (0.0,0.037037037) and box height 0.14814821


Subdividing Entry with axisInterval (0.0,0.012345679) and box height 0.04938273


Entry failed first stopping test.

(Trap-to-box ratio: 0.5. Width: 0.012345679)

vs (0.75, 1.0E-6)

Entry's 0th part exhibits max value 0.01646092

Therefore I will recursively act on all three parts.

Entry's 1th part exhibits max value 0.032921843

Therefore I will recursively act on all three parts.

Entry's 2th part exhibits max value 0.049382754

Therefore I will recursively act on all three parts.

Subdividing Entry with axisInterval (0.004115226,0.008230453) and box height 0.032921843


Entry failed first stopping test.

(Trap-to-box ratio: 0.74999976. Width: 0.004115227)

vs (0.75, 1.0E-6)

Entry's 0th part exhibits max value 0.021947885

Therefore I will recursively act on all three parts.

Entry's 1th part exhibits max value 0.027434854

Therefore I will recursively act on all three parts.

Entry's 2th part exhibits max value 0.032921825

Therefore I will recursively act on all three parts.

Subdividing Entry with axisInterval (0.0054869684,0.006858711) and box height 0.027434854


Trap-to-box ratio: 0.89999986 > 0.75

Therefore, I will stop subdividing and return this Entry

Finished recursing on middle part of Entry with axisInterval (0.004115226,0.008230453) and box height 0.032921843


Subdividing Entry with axisInterval (0.004115226,0.0054869684) and box height 0.021947885


Trap-to-box ratio: 0.87499976 > 0.75

Therefore, I will stop subdividing and return this Entry

Prepending tree under Entry with axisInterval (0.004115226,0.0054869684) and box height 0.021947885
 to tree under Entry with axisInterval (0.0054869684,0.006858711) and box height 0.027434854
.

Successful.

Finished recursing on left part of Entry with axisInterval (0.004115226,0.008230453) and box height 0.032921843


Subdividing Entry with axisInterval (0.006858711,0.008230453) and box height 0.032921825


Trap-to-box ratio: 0.9166665 > 0.75

Therefore, I will stop subdividing and return this Entry

Postpending tree under Entry with axisInterval (0.006858711,0.008230453) and box height 0.032921825
 to tree under Entry with axisInterval (0.0054869684,0.006858711) and box height 0.027434854
.

Successful.

Finished recursing on right part of Entry with axisInterval (0.004115226,0.008230453) and box height 0.032921843


Finished recursing on middle part of Entry with axisInterval (0.0,0.012345679) and box height 0.04938273


Subdividing Entry with axisInterval (0.0,0.004115226) and box height 0.01646092


Entry failed first stopping test.

(Trap-to-box ratio: 0.5. Width: 0.004115226)

vs (0.75, 1.0E-6)

Entry's 0th part exhibits max value 0.005486976

Therefore I will recursively act on all three parts.

Entry's 1th part exhibits max value 0.010973948

Therefore I will recursively act on all three parts.

Entry's 2th part exhibits max value 0.016460916

Therefore I will recursively act on all three parts.

Subdividing Entry with axisInterval (0.0013717421,0.002743484) and box height 0.010973948


Entry failed first stopping test.

(Trap-to-box ratio: 0.74999976. Width: 0.0013717419)

vs (0.75, 1.0E-6)

Entry's 0th part exhibits max value 0.0073159463

Therefore I will recursively act on all three parts.

Entry's 1th part exhibits max value 0.009144969

Therefore I will recursively act on all three parts.

Entry's 2th part exhibits max value 0.010973971

Therefore I will recursively act on all three parts.

Subdividing Entry with axisInterval (0.0018289894,0.0022862367) and box height 0.009144969


Trap-to-box ratio: 0.899999 > 0.75

Therefore, I will stop subdividing and return this Entry

Finished recursing on middle part of Entry with axisInterval (0.0013717421,0.002743484) and box height 0.010973948


Subdividing Entry with axisInterval (0.0013717421,0.0018289894) and box height 0.0073159463


Trap-to-box ratio: 0.8750006 > 0.75

Therefore, I will stop subdividing and return this Entry

Prepending tree under Entry with axisInterval (0.0013717421,0.0018289894) and box height 0.0073159463
 to tree under Entry with axisInterval (0.0018289894,0.0022862367) and box height 0.009144969
.

Successful.

Finished recursing on left part of Entry with axisInterval (0.0013717421,0.002743484) and box height 0.010973948


Subdividing Entry with axisInterval (0.0022862367,0.002743484) and box height 0.010973971


Trap-to-box ratio: 0.9166653 > 0.75

Therefore, I will stop subdividing and return this Entry

Postpending tree under Entry with axisInterval (0.0022862367,0.002743484) and box height 0.010973971
 to tree under Entry with axisInterval (0.0018289894,0.0022862367) and box height 0.009144969
.

Successful.

Finished recursing on right part of Entry with axisInterval (0.0013717421,0.002743484) and box height 0.010973948


Finished recursing on middle part of Entry with axisInterval (0.0,0.004115226) and box height 0.01646092


Subdividing Entry with axisInterval (0.0,0.0013717421) and box height 0.005486976


Entry failed first stopping test.

(Trap-to-box ratio: 0.5. Width: 0.0013717421)

vs (0.75, 1.0E-6)

Entry's 0th part exhibits max value 0.0018289895

Therefore I will recursively act on all three parts.

Entry's 1th part exhibits max value 0.0036579682

Therefore I will recursively act on all three parts.

Entry's 2th part exhibits max value 0.005486957

Therefore I will recursively act on all three parts.

Subdividing Entry with axisInterval (4.5724737E-4,9.1449474E-4) and box height 0.0036579682


Trap-to-box ratio: 0.7500007 > 0.75

Therefore, I will stop subdividing and return this Entry

Finished recursing on middle part of Entry with axisInterval (0.0,0.0013717421) and box height 0.005486976


Subdividing Entry with axisInterval (0.0,4.5724737E-4) and box height 0.0018289895


Entry failed first stopping test.

(Trap-to-box ratio: 0.5. Width: 4.5724737E-4)

vs (0.75, 1.0E-6)

Entry's 0th part exhibits max value 6.096631E-4

Therefore I will recursively act on all three parts.

Entry's 1th part exhibits max value 0.0012193266

Therefore I will recursively act on all three parts.

Entry's 2th part exhibits max value 0.0018289934

Therefore I will recursively act on all three parts.

Subdividing Entry with axisInterval (1.5241579E-4,3.048316E-4) and box height 0.0012193266


Entry failed first stopping test.

(Trap-to-box ratio: 0.74999994. Width: 1.5241581E-4)

vs (0.75, 1.0E-6)

Entry's 0th part exhibits max value 8.1288355E-4

Therefore I will recursively act on all three parts.

Entry's 1th part exhibits max value 0.0010161058

Therefore I will recursively act on all three parts.

Entry's 2th part exhibits max value 0.0012193315

Therefore I will recursively act on all three parts.

Subdividing Entry with axisInterval (2.0322106E-4,2.5402632E-4) and box height 0.0010161058


Trap-to-box ratio: 0.89999986 > 0.75

Therefore, I will stop subdividing and return this Entry

Finished recursing on middle part of Entry with axisInterval (1.5241579E-4,3.048316E-4) and box height 0.0012193266


Subdividing Entry with axisInterval (1.5241579E-4,2.0322106E-4) and box height 8.1288355E-4


Trap-to-box ratio: 0.8750003 > 0.75

Therefore, I will stop subdividing and return this Entry

Prepending tree under Entry with axisInterval (1.5241579E-4,2.0322106E-4) and box height 8.1288355E-4
 to tree under Entry with axisInterval (2.0322106E-4,2.5402632E-4) and box height 0.0010161058
.

Successful.

Finished recursing on left part of Entry with axisInterval (1.5241579E-4,3.048316E-4) and box height 0.0012193266


Subdividing Entry with axisInterval (2.5402632E-4,3.048316E-4) and box height 0.0012193315


Trap-to-box ratio: 0.9166649 > 0.75

Therefore, I will stop subdividing and return this Entry

Postpending tree under Entry with axisInterval (2.5402632E-4,3.048316E-4) and box height 0.0012193315
 to tree under Entry with axisInterval (2.0322106E-4,2.5402632E-4) and box height 0.0010161058
.

Successful.

Finished recursing on right part of Entry with axisInterval (1.5241579E-4,3.048316E-4) and box height 0.0012193266


Finished recursing on middle part of Entry with axisInterval (0.0,4.5724737E-4) and box height 0.0018289895


Subdividing Entry with axisInterval (0.0,1.5241579E-4) and box height 6.096631E-4


Entry failed first stopping test.

(Trap-to-box ratio: 0.5. Width: 1.5241579E-4)

vs (0.75, 1.0E-6)

Entry's 0th part exhibits max value 2.0322084E-4

Therefore I will recursively act on all three parts.

Entry's 1th part exhibits max value 4.0644145E-4

Therefore I will recursively act on all three parts.

Entry's 2th part exhibits max value 6.096625E-4

Therefore I will recursively act on all three parts.

Subdividing Entry with axisInterval (5.080526E-5,1.0161052E-4) and box height 4.0644145E-4


Trap-to-box ratio: 0.75000036 > 0.75

Therefore, I will stop subdividing and return this Entry

Finished recursing on middle part of Entry with axisInterval (0.0,1.5241579E-4) and box height 6.096631E-4


Subdividing Entry with axisInterval (0.0,5.080526E-5) and box height 2.0322084E-4


Entry failed first stopping test.

(Trap-to-box ratio: 0.5. Width: 5.080526E-5)

vs (0.75, 1.0E-6)

Entry's 0th part exhibits max value 6.774035E-5

Therefore I will recursively act on all three parts.

Entry's 1th part exhibits max value 1.3548096E-4

Therefore I will recursively act on all three parts.

Entry's 2th part exhibits max value 2.0322131E-4

Therefore I will recursively act on all three parts.

Subdividing Entry with axisInterval (1.6935088E-5,3.3870172E-5) and box height 1.3548096E-4


Entry failed first stopping test.

(Trap-to-box ratio: 0.7499995. Width: 1.6935084E-5)

vs (0.75, 1.0E-6)

Entry's 0th part exhibits max value 9.032056E-5

Therefore I will recursively act on all three parts.

Entry's 1th part exhibits max value 1.1290067E-4

Therefore I will recursively act on all three parts.

Entry's 2th part exhibits max value 1.3548078E-4

Therefore I will recursively act on all three parts.

Subdividing Entry with axisInterval (2.2580116E-5,2.8225144E-5) and box height 1.1290067E-4


Trap-to-box ratio: 0.8999997 > 0.75

Therefore, I will stop subdividing and return this Entry

Finished recursing on middle part of Entry with axisInterval (1.6935088E-5,3.3870172E-5) and box height 1.3548096E-4


Subdividing Entry with axisInterval (1.6935088E-5,2.2580116E-5) and box height 9.032056E-5


Trap-to-box ratio: 0.87499964 > 0.75

Therefore, I will stop subdividing and return this Entry

Prepending tree under Entry with axisInterval (1.6935088E-5,2.2580116E-5) and box height 9.032056E-5
 to tree under Entry with axisInterval (2.2580116E-5,2.8225144E-5) and box height 1.1290067E-4
.

Successful.

Finished recursing on left part of Entry with axisInterval (1.6935088E-5,3.3870172E-5) and box height 1.3548096E-4


Subdividing Entry with axisInterval (2.8225144E-5,3.3870172E-5) and box height 1.3548078E-4


Trap-to-box ratio: 0.9166664 > 0.75

Therefore, I will stop subdividing and return this Entry

Postpending tree under Entry with axisInterval (2.8225144E-5,3.3870172E-5) and box height 1.3548078E-4
 to tree under Entry with axisInterval (2.2580116E-5,2.8225144E-5) and box height 1.1290067E-4
.

Successful.

Finished recursing on right part of Entry with axisInterval (1.6935088E-5,3.3870172E-5) and box height 1.3548096E-4


Finished recursing on middle part of Entry with axisInterval (0.0,5.080526E-5) and box height 2.0322084E-4


Subdividing Entry with axisInterval (0.0,1.6935088E-5) and box height 6.774035E-5


Entry failed first stopping test.

(Trap-to-box ratio: 0.5. Width: 1.6935088E-5)

vs (0.75, 1.0E-6)

Entry's 0th part exhibits max value 2.2580147E-5

Therefore I will recursively act on all three parts.

Entry's 1th part exhibits max value 4.516026E-5

Therefore I will recursively act on all three parts.

Entry's 2th part exhibits max value 6.774044E-5

Therefore I will recursively act on all three parts.

Subdividing Entry with axisInterval (5.6450294E-6,1.1290058E-5) and box height 4.516026E-5


Entry failed first stopping test.

(Trap-to-box ratio: 0.7499999. Width: 5.6450285E-6)

vs (0.75, 1.0E-6)

Entry's 0th part exhibits max value 3.0106734E-5

Therefore I will recursively act on all three parts.

Entry's 1th part exhibits max value 3.763344E-5

Therefore I will recursively act on all three parts.

Entry's 2th part exhibits max value 4.516014E-5

Therefore I will recursively act on all three parts.

Subdividing Entry with axisInterval (7.5267058E-6,9.408382E-6) and box height 3.763344E-5


Trap-to-box ratio: 0.90000093 > 0.75

Therefore, I will stop subdividing and return this Entry

Finished recursing on middle part of Entry with axisInterval (5.6450294E-6,1.1290058E-5) and box height 4.516026E-5


Subdividing Entry with axisInterval (5.6450294E-6,7.5267058E-6) and box height 3.0106734E-5


Trap-to-box ratio: 0.87500113 > 0.75

Therefore, I will stop subdividing and return this Entry

Prepending tree under Entry with axisInterval (5.6450294E-6,7.5267058E-6) and box height 3.0106734E-5
 to tree under Entry with axisInterval (7.5267058E-6,9.408382E-6) and box height 3.763344E-5
.

Successful.

Finished recursing on left part of Entry with axisInterval (5.6450294E-6,1.1290058E-5) and box height 4.516026E-5


Subdividing Entry with axisInterval (9.408382E-6,1.1290058E-5) and box height 4.516014E-5


Trap-to-box ratio: 0.91666746 > 0.75

Therefore, I will stop subdividing and return this Entry

Postpending tree under Entry with axisInterval (9.408382E-6,1.1290058E-5) and box height 4.516014E-5
 to tree under Entry with axisInterval (7.5267058E-6,9.408382E-6) and box height 3.763344E-5
.

Successful.

Finished recursing on right part of Entry with axisInterval (5.6450294E-6,1.1290058E-5) and box height 4.516026E-5


Finished recursing on middle part of Entry with axisInterval (0.0,1.6935088E-5) and box height 6.774035E-5


Subdividing Entry with axisInterval (0.0,5.6450294E-6) and box height 2.2580147E-5


Entry failed first stopping test.

(Trap-to-box ratio: 0.5. Width: 5.6450294E-6)

vs (0.75, 1.0E-6)

Entry's 0th part exhibits max value 7.5267058E-6

Therefore I will recursively act on all three parts.

Entry's 1th part exhibits max value 1.50534115E-5

Therefore I will recursively act on all three parts.

Entry's 2th part exhibits max value 2.2580029E-5

Therefore I will recursively act on all three parts.

Subdividing Entry with axisInterval (1.8816764E-6,3.763353E-6) and box height 1.50534115E-5


Entry failed first stopping test.

(Trap-to-box ratio: 0.75. Width: 1.8816767E-6)

vs (0.75, 1.0E-6)

Entry's 0th part exhibits max value 1.0035636E-5

Therefore I will recursively act on all three parts.

Entry's 1th part exhibits max value 1.254454E-5

Therefore I will recursively act on all three parts.

Entry's 2th part exhibits max value 1.5053442E-5

Therefore I will recursively act on all three parts.

Subdividing Entry with axisInterval (2.508902E-6,3.1361276E-6) and box height 1.254454E-5


Trap-to-box ratio: 0.899999 > 0.75

Therefore, I will stop subdividing and return this Entry

Finished recursing on middle part of Entry with axisInterval (1.8816764E-6,3.763353E-6) and box height 1.50534115E-5


Subdividing Entry with axisInterval (1.8816764E-6,2.508902E-6) and box height 1.0035636E-5


Trap-to-box ratio: 0.8749989 > 0.75

Therefore, I will stop subdividing and return this Entry

Prepending tree under Entry with axisInterval (1.8816764E-6,2.508902E-6) and box height 1.0035636E-5
 to tree under Entry with axisInterval (2.508902E-6,3.1361276E-6) and box height 1.254454E-5
.

Successful.

Finished recursing on left part of Entry with axisInterval (1.8816764E-6,3.763353E-6) and box height 1.50534115E-5


Subdividing Entry with axisInterval (3.1361276E-6,3.763353E-6) and box height 1.5053442E-5


Trap-to-box ratio: 0.9166658 > 0.75

Therefore, I will stop subdividing and return this Entry

Postpending tree under Entry with axisInterval (3.1361276E-6,3.763353E-6) and box height 1.5053442E-5
 to tree under Entry with axisInterval (2.508902E-6,3.1361276E-6) and box height 1.254454E-5
.

Successful.

Finished recursing on right part of Entry with axisInterval (1.8816764E-6,3.763353E-6) and box height 1.50534115E-5


Finished recursing on middle part of Entry with axisInterval (0.0,5.6450294E-6) and box height 2.2580147E-5


Subdividing Entry with axisInterval (0.0,1.8816764E-6) and box height 7.5267058E-6


Entry failed first stopping test.

(Trap-to-box ratio: 0.5. Width: 1.8816764E-6)

vs (0.75, 1.0E-6)

Entry's 0th part exhibits max value 2.5089023E-6

Therefore I will recursively act on all three parts.

Entry's 1th part exhibits max value 5.0178005E-6

Therefore I will recursively act on all three parts.

Entry's 2th part exhibits max value 7.5266908E-6

Therefore I will recursively act on all three parts.

Subdividing Entry with axisInterval (6.2722546E-7,1.254451E-6) and box height 5.0178005E-6


Trap-to-box ratio: 0.7500001 > 0.75

Therefore, I will stop subdividing and return this Entry

Finished recursing on middle part of Entry with axisInterval (0.0,1.8816764E-6) and box height 7.5267058E-6


Subdividing Entry with axisInterval (0.0,6.2722546E-7) and box height 2.5089023E-6


Trap-to-box ratio: 0.5 > 0.75

Therefore, I will stop subdividing and return this Entry

Prepending tree under Entry with axisInterval (0.0,6.2722546E-7) and box height 2.5089023E-6
 to tree under Entry with axisInterval (6.2722546E-7,1.254451E-6) and box height 5.0178005E-6
.

Successful.

Finished recursing on left part of Entry with axisInterval (0.0,1.8816764E-6) and box height 7.5267058E-6


Subdividing Entry with axisInterval (1.254451E-6,1.8816764E-6) and box height 7.5266908E-6


Trap-to-box ratio: 0.833334 > 0.75

Therefore, I will stop subdividing and return this Entry

Postpending tree under Entry with axisInterval (1.254451E-6,1.8816764E-6) and box height 7.5266908E-6
 to tree under Entry with axisInterval (6.2722546E-7,1.254451E-6) and box height 5.0178005E-6
.

Successful.

Finished recursing on right part of Entry with axisInterval (0.0,1.8816764E-6) and box height 7.5267058E-6


Prepending tree under Entry with axisInterval (6.2722546E-7,1.254451E-6) and box height 5.0178005E-6
 to tree under Entry with axisInterval (2.508902E-6,3.1361276E-6) and box height 1.254454E-5
.

Successful.

Finished recursing on left part of Entry with axisInterval (0.0,5.6450294E-6) and box height 2.2580147E-5


Subdividing Entry with axisInterval (3.763353E-6,5.6450294E-6) and box height 2.2580029E-5


Trap-to-box ratio: 0.8333347 > 0.75

Therefore, I will stop subdividing and return this Entry

Postpending tree under Entry with axisInterval (3.763353E-6,5.6450294E-6) and box height 2.2580029E-5
 to tree under Entry with axisInterval (2.508902E-6,3.1361276E-6) and box height 1.254454E-5
.

Successful.

Finished recursing on right part of Entry with axisInterval (0.0,5.6450294E-6) and box height 2.2580147E-5


Prepending tree under Entry with axisInterval (2.508902E-6,3.1361276E-6) and box height 1.254454E-5
 to tree under Entry with axisInterval (7.5267058E-6,9.408382E-6) and box height 3.763344E-5
.

Successful.

Finished recursing on left part of Entry with axisInterval (0.0,1.6935088E-5) and box height 6.774035E-5


Subdividing Entry with axisInterval (1.1290058E-5,1.6935088E-5) and box height 6.774044E-5


Trap-to-box ratio: 0.8333329 > 0.75

Therefore, I will stop subdividing and return this Entry

Postpending tree under Entry with axisInterval (1.1290058E-5,1.6935088E-5) and box height 6.774044E-5
 to tree under Entry with axisInterval (7.5267058E-6,9.408382E-6) and box height 3.763344E-5
.

Successful.

Finished recursing on right part of Entry with axisInterval (0.0,1.6935088E-5) and box height 6.774035E-5


Prepending tree under Entry with axisInterval (7.5267058E-6,9.408382E-6) and box height 3.763344E-5
 to tree under Entry with axisInterval (2.2580116E-5,2.8225144E-5) and box height 1.1290067E-4
.

Successful.

Finished recursing on left part of Entry with axisInterval (0.0,5.080526E-5) and box height 2.0322084E-4


Subdividing Entry with axisInterval (3.3870172E-5,5.080526E-5) and box height 2.0322131E-4


Trap-to-box ratio: 0.8333329 > 0.75

Therefore, I will stop subdividing and return this Entry

Postpending tree under Entry with axisInterval (3.3870172E-5,5.080526E-5) and box height 2.0322131E-4
 to tree under Entry with axisInterval (2.2580116E-5,2.8225144E-5) and box height 1.1290067E-4
.

Successful.

Finished recursing on right part of Entry with axisInterval (0.0,5.080526E-5) and box height 2.0322084E-4


Prepending tree under Entry with axisInterval (2.2580116E-5,2.8225144E-5) and box height 1.1290067E-4
 to tree under Entry with axisInterval (5.080526E-5,1.0161052E-4) and box height 4.0644145E-4
.

Successful.

Finished recursing on left part of Entry with axisInterval (0.0,1.5241579E-4) and box height 6.096631E-4


Subdividing Entry with axisInterval (1.0161052E-4,1.5241579E-4) and box height 6.096625E-4


Trap-to-box ratio: 0.8333337 > 0.75

Therefore, I will stop subdividing and return this Entry

Postpending tree under Entry with axisInterval (1.0161052E-4,1.5241579E-4) and box height 6.096625E-4
 to tree under Entry with axisInterval (5.080526E-5,1.0161052E-4) and box height 4.0644145E-4
.

Successful.

Finished recursing on right part of Entry with axisInterval (0.0,1.5241579E-4) and box height 6.096631E-4


Prepending tree under Entry with axisInterval (5.080526E-5,1.0161052E-4) and box height 4.0644145E-4
 to tree under Entry with axisInterval (2.0322106E-4,2.5402632E-4) and box height 0.0010161058
.

Successful.

Finished recursing on left part of Entry with axisInterval (0.0,4.5724737E-4) and box height 0.0018289895


Subdividing Entry with axisInterval (3.048316E-4,4.5724737E-4) and box height 0.0018289934


Trap-to-box ratio: 0.83333266 > 0.75

Therefore, I will stop subdividing and return this Entry

Postpending tree under Entry with axisInterval (3.048316E-4,4.5724737E-4) and box height 0.0018289934
 to tree under Entry with axisInterval (2.0322106E-4,2.5402632E-4) and box height 0.0010161058
.

Successful.

Finished recursing on right part of Entry with axisInterval (0.0,4.5724737E-4) and box height 0.0018289895


Prepending tree under Entry with axisInterval (2.0322106E-4,2.5402632E-4) and box height 0.0010161058
 to tree under Entry with axisInterval (4.5724737E-4,9.1449474E-4) and box height 0.0036579682
.

Successful.

Finished recursing on left part of Entry with axisInterval (0.0,0.0013717421) and box height 0.005486976


Subdividing Entry with axisInterval (9.1449474E-4,0.0013717421) and box height 0.005486957


Trap-to-box ratio: 0.833334 > 0.75

Therefore, I will stop subdividing and return this Entry

Postpending tree under Entry with axisInterval (9.1449474E-4,0.0013717421) and box height 0.005486957
 to tree under Entry with axisInterval (4.5724737E-4,9.1449474E-4) and box height 0.0036579682
.

Successful.

Finished recursing on right part of Entry with axisInterval (0.0,0.0013717421) and box height 0.005486976


Prepending tree under Entry with axisInterval (4.5724737E-4,9.1449474E-4) and box height 0.0036579682
 to tree under Entry with axisInterval (0.0018289894,0.0022862367) and box height 0.009144969
.

Successful.

Finished recursing on left part of Entry with axisInterval (0.0,0.004115226) and box height 0.01646092


Subdividing Entry with axisInterval (0.002743484,0.004115226) and box height 0.016460916


Trap-to-box ratio: 0.8333331 > 0.75

Therefore, I will stop subdividing and return this Entry

Postpending tree under Entry with axisInterval (0.002743484,0.004115226) and box height 0.016460916
 to tree under Entry with axisInterval (0.0018289894,0.0022862367) and box height 0.009144969
.

Successful.

Finished recursing on right part of Entry with axisInterval (0.0,0.004115226) and box height 0.01646092


Prepending tree under Entry with axisInterval (0.0018289894,0.0022862367) and box height 0.009144969
 to tree under Entry with axisInterval (0.0054869684,0.006858711) and box height 0.027434854
.

Successful.

Finished recursing on left part of Entry with axisInterval (0.0,0.012345679) and box height 0.04938273


Subdividing Entry with axisInterval (0.008230453,0.012345679) and box height 0.049382754


Trap-to-box ratio: 0.83333313 > 0.75

Therefore, I will stop subdividing and return this Entry

Postpending tree under Entry with axisInterval (0.008230453,0.012345679) and box height 0.049382754
 to tree under Entry with axisInterval (0.0054869684,0.006858711) and box height 0.027434854
.

Successful.

Finished recursing on right part of Entry with axisInterval (0.0,0.012345679) and box height 0.04938273


Prepending tree under Entry with axisInterval (0.0054869684,0.006858711) and box height 0.027434854
 to tree under Entry with axisInterval (0.012345679,0.024691358) and box height 0.09876526
.

Successful.

Finished recursing on left part of Entry with axisInterval (0.0,0.037037037) and box height 0.14814821


Subdividing Entry with axisInterval (0.024691358,0.037037037) and box height 0.14814788


Trap-to-box ratio: 0.83333397 > 0.75

Therefore, I will stop subdividing and return this Entry

Postpending tree under Entry with axisInterval (0.024691358,0.037037037) and box height 0.14814788
 to tree under Entry with axisInterval (0.012345679,0.024691358) and box height 0.09876526
.

Successful.

Finished recursing on right part of Entry with axisInterval (0.0,0.037037037) and box height 0.14814821


Prepending tree under Entry with axisInterval (0.012345679,0.024691358) and box height 0.09876526
 to tree under Entry with axisInterval (0.049382716,0.061728396) and box height 0.24691331
.

Successful.

Finished recursing on left part of Entry with axisInterval (0.0,0.11111111) and box height 0.4444448


Subdividing Entry with axisInterval (0.074074075,0.11111111) and box height 0.44444364


Trap-to-box ratio: 0.83333397 > 0.75

Therefore, I will stop subdividing and return this Entry

Postpending tree under Entry with axisInterval (0.074074075,0.11111111) and box height 0.44444364
 to tree under Entry with axisInterval (0.049382716,0.061728396) and box height 0.24691331
.

Successful.

Finished recursing on right part of Entry with axisInterval (0.0,0.11111111) and box height 0.4444448


Prepending tree under Entry with axisInterval (0.049382716,0.061728396) and box height 0.24691331
 to tree under Entry with axisInterval (0.11111111,0.22222224) and box height 0.88888687
.

Successful.

Finished recursing on left part of Entry with axisInterval (0.0,0.33333334) and box height 1.3333324


Subdividing Entry with axisInterval (0.22222224,0.33333334) and box height 1.3333354


Trap-to-box ratio: 0.83333284 > 0.75

Therefore, I will stop subdividing and return this Entry

Postpending tree under Entry with axisInterval (0.22222224,0.33333334) and box height 1.3333354
 to tree under Entry with axisInterval (0.11111111,0.22222224) and box height 0.88888687
.

Successful.

Finished recursing on right part of Entry with axisInterval (0.0,0.33333334) and box height 1.3333324


Prepending tree under Entry with axisInterval (0.11111111,0.22222224) and box height 0.88888687
 to tree under Entry with axisInterval (0.33333334,0.6666666) and box height 2.6666656
.

Successful.

Finished recursing on left part of Entry with axisInterval (0.0,1.0) and box height 3.9999974


Subdividing Entry with axisInterval (0.6666666,1.0) and box height 3.9999986


Trap-to-box ratio: 0.83333343 > 0.75

Therefore, I will stop subdividing and return this Entry

Postpending tree under Entry with axisInterval (0.6666666,1.0) and box height 3.9999986
 to tree under Entry with axisInterval (0.33333334,0.6666666) and box height 2.6666656
.

Successful.

Finished recursing on right part of Entry with axisInterval (0.0,1.0) and box height 3.9999974


Recursion complete. Table is ready for use.

Here is the table in sequential order:






















Entry with axisInterval (0.0,6.2722546E-7) and box height 2.5089023E-6

Entry with axisInterval (6.2722546E-7,1.254451E-6) and box height 5.0178005E-6


Entry with axisInterval (1.254451E-6,1.8816764E-6) and box height 7.5266908E-6

Entry with axisInterval (1.8816764E-6,2.508902E-6) and box height 1.0035636E-5

Entry with axisInterval (2.508902E-6,3.1361276E-6) and box height 1.254454E-5


Entry with axisInterval (3.1361276E-6,3.763353E-6) and box height 1.5053442E-5


Entry with axisInterval (3.763353E-6,5.6450294E-6) and box height 2.2580029E-5

Entry with axisInterval (5.6450294E-6,7.5267058E-6) and box height 3.0106734E-5

Entry with axisInterval (7.5267058E-6,9.408382E-6) and box height 3.763344E-5


Entry with axisInterval (9.408382E-6,1.1290058E-5) and box height 4.516014E-5


Entry with axisInterval (1.1290058E-5,1.6935088E-5) and box height 6.774044E-5

Entry with axisInterval (1.6935088E-5,2.2580116E-5) and box height 9.032056E-5

Entry with axisInterval (2.2580116E-5,2.8225144E-5) and box height 1.1290067E-4


Entry with axisInterval (2.8225144E-5,3.3870172E-5) and box height 1.3548078E-4


Entry with axisInterval (3.3870172E-5,5.080526E-5) and box height 2.0322131E-4

Entry with axisInterval (5.080526E-5,1.0161052E-4) and box height 4.0644145E-4


Entry with axisInterval (1.0161052E-4,1.5241579E-4) and box height 6.096625E-4

Entry with axisInterval (1.5241579E-4,2.0322106E-4) and box height 8.1288355E-4

Entry with axisInterval (2.0322106E-4,2.5402632E-4) and box height 0.0010161058


Entry with axisInterval (2.5402632E-4,3.048316E-4) and box height 0.0012193315


Entry with axisInterval (3.048316E-4,4.5724737E-4) and box height 0.0018289934

Entry with axisInterval (4.5724737E-4,9.1449474E-4) and box height 0.0036579682


Entry with axisInterval (9.1449474E-4,0.0013717421) and box height 0.005486957

Entry with axisInterval (0.0013717421,0.0018289894) and box height 0.0073159463

Entry with axisInterval (0.0018289894,0.0022862367) and box height 0.009144969


Entry with axisInterval (0.0022862367,0.002743484) and box height 0.010973971


Entry with axisInterval (0.002743484,0.004115226) and box height 0.016460916

Entry with axisInterval (0.004115226,0.0054869684) and box height 0.021947885

Entry with axisInterval (0.0054869684,0.006858711) and box height 0.027434854


Entry with axisInterval (0.006858711,0.008230453) and box height 0.032921825


Entry with axisInterval (0.008230453,0.012345679) and box height 0.049382754

Entry with axisInterval (0.012345679,0.024691358) and box height 0.09876526


Entry with axisInterval (0.024691358,0.037037037) and box height 0.14814788

Entry with axisInterval (0.037037037,0.049382716) and box height 0.1975306

Entry with axisInterval (0.049382716,0.061728396) and box height 0.24691331


Entry with axisInterval (0.061728396,0.074074075) and box height 0.29629603


Entry with axisInterval (0.074074075,0.11111111) and box height 0.44444364

Entry with axisInterval (0.11111111,0.22222224) and box height 0.88888687


Entry with axisInterval (0.22222224,0.33333334) and box height 1.3333354

Entry with axisInterval (0.33333334,0.6666666) and box height 2.6666656


Entry with axisInterval (0.6666666,1.0) and box height 3.9999986

